Using pre-set license
Built from '2020.2/staging' branch; Version is '2020.2.6f1 (8a2143876886) revision 9052483'; Using compiler version '192528614'; Build Type 'Release'
OS: 'Windows 10 Home; OS build 18363.1440; Version 1909; 64bit' Language: 'en' Physical Memory: 16267 MB
BatchMode: 1, IsHumanControllingUs: 0, StartBugReporterOnCrash: 0, Is64bit: 1, IsPro: 0

 COMMAND LINE ARGUMENTS:
C:\Program Files\Unity\Hub\Editor\2020.2.6f1\Editor\Unity.exe
-adb2
-batchMode
-noUpm
-name
AssetImportWorker0
-projectPath
D:/!Projects/Unity/Pathfinding 3
-logFile
Logs/AssetImportWorker0.log
-srvPort
65431
Successfully changed project path to: D:/!Projects/Unity/Pathfinding 3
D:/!Projects/Unity/Pathfinding 3
Using Asset Import Pipeline V2.
Refreshing native plugins compatible for Editor in 31.11 ms, found 0 plugins.
Preloading 0 native plugins for Editor in 0.00 ms.
Initialize engine version: 2020.2.6f1 (8a2143876886)
[Subsystems] Discovering subsystems at path C:/Program Files/Unity/Hub/Editor/2020.2.6f1/Editor/Data/Resources/UnitySubsystems
[Subsystems] Discovering subsystems at path D:/!Projects/Unity/Pathfinding 3/Assets
GfxDevice: creating device client; threaded=0
Direct3D:
    Version:  Direct3D 11.0 [level 11.1]
    Renderer: NVIDIA GeForce GTX 1060 (ID=0x1c20)
    Vendor:   
    VRAM:     6052 MB
    Driver:   27.21.14.6140
Initialize mono
Mono path[0] = 'C:/Program Files/Unity/Hub/Editor/2020.2.6f1/Editor/Data/Managed'
Mono path[1] = 'C:/Program Files/Unity/Hub/Editor/2020.2.6f1/Editor/Data/MonoBleedingEdge/lib/mono/unityjit'
Mono config path = 'C:/Program Files/Unity/Hub/Editor/2020.2.6f1/Editor/Data/MonoBleedingEdge/etc'
Using monoOptions --debugger-agent=transport=dt_socket,embedding=1,server=y,suspend=n,address=127.0.0.1:56696
Begin MonoManager ReloadAssembly
Registering precompiled unity dll's ...
Register platform support module: C:/Program Files/Unity/Hub/Editor/2020.2.6f1/Editor/Data/PlaybackEngines/WebGLSupport/UnityEditor.WebGL.Extensions.dll
Register platform support module: C:/Program Files/Unity/Hub/Editor/2020.2.6f1/Editor/Data/PlaybackEngines/WindowsStandaloneSupport/UnityEditor.WindowsStandalone.Extensions.dll
Registered in 0.001933 seconds.
Native extension for WindowsStandalone target not found
Native extension for WebGL target not found
Refreshing native plugins compatible for Editor in 25.96 ms, found 0 plugins.
Preloading 0 native plugins for Editor in 0.00 ms.
Invoked RoslynAnalysisRunner static constructor.
RoslynAnalysisRunner will not be running.
RoslynAnalysisRunner has terminated.
Mono: successfully reloaded assembly
- Completed reload, in  1.366 seconds
Platform modules already initialized, skipping
Registering precompiled user dll's ...
Registered in 0.000681 seconds.
Begin MonoManager ReloadAssembly
Native extension for WindowsStandalone target not found
Native extension for WebGL target not found
Refreshing native plugins compatible for Editor in 0.31 ms, found 0 plugins.
Preloading 0 native plugins for Editor in 0.00 ms.
Invoked RoslynAnalysisRunner static constructor.
RoslynAnalysisRunner will not be running.
RoslynAnalysisRunner has terminated.
Mono: successfully reloaded assembly
- Completed reload, in  1.063 seconds
Platform modules already initialized, skipping
========================================================================
Worker process is ready to serve import requests
Launched and connected shader compiler UnityShaderCompiler.exe after 0.06 seconds
Refreshing native plugins compatible for Editor in 0.20 ms, found 0 plugins.
Preloading 0 native plugins for Editor in 0.00 ms.
Unloading 1108 Unused Serialized files (Serialized files now loaded: 0)
System memory in use before: 56.8 MB.
System memory in use after: 56.9 MB.

Unloading 10 unused Assets to reduce memory usage. Loaded Objects now: 1549.
Total: 2.194200 ms (FindLiveObjects: 0.197300 ms CreateObjectMapping: 0.073900 ms MarkObjects: 1.806600 ms  DeleteObjects: 0.115100 ms)

========================================================================
Received Import Request.
  path: Assets/Materials/Platform.mat
  artifactKey: Guid(1afc5c0b60974a14b948ab045ee8efd5) Importer(815301076,1909f56bfc062723c751e8b465ee728b)
Start importing Assets/Materials/Platform.mat using Guid(1afc5c0b60974a14b948ab045ee8efd5) Importer(815301076,1909f56bfc062723c751e8b465ee728b)  -> (artifact id: 'd898a5127b4a0c08940802878af064c2') in 0.194189 seconds
  Import took 0.198839 seconds .

========================================================================
Received Import Request.
  Time since last request: 0.000250 seconds.
  path: Assets/Materials/MorphBot.mat
  artifactKey: Guid(61a83cae12f588a4c86dc72c47dad010) Importer(815301076,1909f56bfc062723c751e8b465ee728b)
Start importing Assets/Materials/MorphBot.mat using Guid(61a83cae12f588a4c86dc72c47dad010) Importer(815301076,1909f56bfc062723c751e8b465ee728b)  -> (artifact id: 'b5508bbac0075999c090c8be388827d3') in 0.067277 seconds
  Import took 0.094093 seconds .

========================================================================
Received Import Request.
  Time since last request: 4.949666 seconds.
  path: Assets/Materials/MorphBot.mat
  artifactKey: Guid(61a83cae12f588a4c86dc72c47dad010) Importer(815301076,1909f56bfc062723c751e8b465ee728b)
Start importing Assets/Materials/MorphBot.mat using Guid(61a83cae12f588a4c86dc72c47dad010) Importer(815301076,1909f56bfc062723c751e8b465ee728b)  -> (artifact id: 'b5508bbac0075999c090c8be388827d3') in 0.014096 seconds
  Import took 0.016427 seconds .

AssetImportWorkerClient::OnTransportError - code=2 error=End of file
